CRITICAL - 2022-07-24 10:16:35 --> syntax error, unexpected '}', expecting ';'
in APPPATH\Controllers\Home.php on line 10.
 1 SYSTEMPATH\Autoloader\Autoloader.php(261): CodeIgniter\Autoloader\Autoloader->includeFile('APPPATH\\Controllers\\Home.php')
 2 SYSTEMPATH\Autoloader\Autoloader.php(239): CodeIgniter\Autoloader\Autoloader->loadInNamespace('App\\Controllers\\Home')
 3 [internal function]: CodeIgniter\Autoloader\Autoloader->loadClass('App\\Controllers\\Home')
 4 [internal function]: spl_autoload_call('App\\Controllers\\Home')
 5 SYSTEMPATH\CodeIgniter.php(846): class_exists('\\App\\Controllers\\Home', true)
 6 SYSTEMPATH\CodeIgniter.php(453): CodeIgniter\CodeIgniter->startController()
 7 SYSTEMPATH\CodeIgniter.php(349): CodeIgniter\CodeIgniter->handleRequest(null, Object(Config\Cache), false)
 8 FCPATH\index.php(55): CodeIgniter\CodeIgniter->run()
 9 SYSTEMPATH\Commands\Server\rewrite.php(43): require_once('FCPATH\\index.php')
CRITICAL - 2022-07-24 10:16:55 --> syntax error, unexpected '}', expecting ';'
in APPPATH\Controllers\Home.php on line 10.
 1 SYSTEMPATH\Autoloader\Autoloader.php(261): CodeIgniter\Autoloader\Autoloader->includeFile('APPPATH\\Controllers\\Home.php')
 2 SYSTEMPATH\Autoloader\Autoloader.php(239): CodeIgniter\Autoloader\Autoloader->loadInNamespace('App\\Controllers\\Home')
 3 [internal function]: CodeIgniter\Autoloader\Autoloader->loadClass('App\\Controllers\\Home')
 4 [internal function]: spl_autoload_call('App\\Controllers\\Home')
 5 SYSTEMPATH\CodeIgniter.php(846): class_exists('\\App\\Controllers\\Home', true)
 6 SYSTEMPATH\CodeIgniter.php(453): CodeIgniter\CodeIgniter->startController()
 7 SYSTEMPATH\CodeIgniter.php(349): CodeIgniter\CodeIgniter->handleRequest(null, Object(Config\Cache), false)
 8 FCPATH\index.php(55): CodeIgniter\CodeIgniter->run()
 9 SYSTEMPATH\Commands\Server\rewrite.php(43): require_once('FCPATH\\index.php')
CRITICAL - 2022-07-24 10:17:08 --> syntax error, unexpected '}', expecting ';'
in APPPATH\Controllers\Home.php on line 10.
 1 SYSTEMPATH\Autoloader\Autoloader.php(261): CodeIgniter\Autoloader\Autoloader->includeFile('APPPATH\\Controllers\\Home.php')
 2 SYSTEMPATH\Autoloader\Autoloader.php(239): CodeIgniter\Autoloader\Autoloader->loadInNamespace('App\\Controllers\\Home')
 3 [internal function]: CodeIgniter\Autoloader\Autoloader->loadClass('App\\Controllers\\Home')
 4 [internal function]: spl_autoload_call('App\\Controllers\\Home')
 5 SYSTEMPATH\CodeIgniter.php(846): class_exists('\\App\\Controllers\\Home', true)
 6 SYSTEMPATH\CodeIgniter.php(453): CodeIgniter\CodeIgniter->startController()
 7 SYSTEMPATH\CodeIgniter.php(349): CodeIgniter\CodeIgniter->handleRequest(null, Object(Config\Cache), false)
 8 FCPATH\index.php(55): CodeIgniter\CodeIgniter->run()
 9 SYSTEMPATH\Commands\Server\rewrite.php(43): require_once('FCPATH\\index.php')
CRITICAL - 2022-07-24 10:30:16 --> syntax error, unexpected '}', expecting ';'
in APPPATH\Controllers\Home.php on line 10.
 1 SYSTEMPATH\Autoloader\Autoloader.php(261): CodeIgniter\Autoloader\Autoloader->includeFile('APPPATH\\Controllers\\Home.php')
 2 SYSTEMPATH\Autoloader\Autoloader.php(239): CodeIgniter\Autoloader\Autoloader->loadInNamespace('App\\Controllers\\Home')
 3 [internal function]: CodeIgniter\Autoloader\Autoloader->loadClass('App\\Controllers\\Home')
 4 [internal function]: spl_autoload_call('App\\Controllers\\Home')
 5 SYSTEMPATH\CodeIgniter.php(846): class_exists('\\App\\Controllers\\Home', true)
 6 SYSTEMPATH\CodeIgniter.php(453): CodeIgniter\CodeIgniter->startController()
 7 SYSTEMPATH\CodeIgniter.php(349): CodeIgniter\CodeIgniter->handleRequest(null, Object(Config\Cache), false)
 8 FCPATH\index.php(55): CodeIgniter\CodeIgniter->run()
 9 SYSTEMPATH\Commands\Server\rewrite.php(43): require_once('FCPATH\\index.php')
CRITICAL - 2022-07-24 14:09:03 --> Undefined index: name
in APPPATH\Views\Table\categories.php on line 33.
 1 APPPATH\Views\Table\categories.php(33): CodeIgniter\Debug\Exceptions->errorHandler(8, 'Undefined index: name', 'APPPATH\\Views\\Table\\categories.php', 33, [...])
 2 SYSTEMPATH\View\View.php(213): include('APPPATH\\Views\\Table\\categories.php')
 3 SYSTEMPATH\View\View.php(216): CodeIgniter\View\View->CodeIgniter\View\{closure}()
 4 SYSTEMPATH\Common.php(1135): CodeIgniter\View\View->render('Table/categories', [], true)
 5 APPPATH\Controllers\Home.php(21): view('Table/categories', [...])
 6 SYSTEMPATH\CodeIgniter.php(896): App\Controllers\Home->index()
 7 SYSTEMPATH\CodeIgniter.php(466): CodeIgniter\CodeIgniter->runController(Object(App\Controllers\Home))
 8 SYSTEMPATH\CodeIgniter.php(349): CodeIgniter\CodeIgniter->handleRequest(null, Object(Config\Cache), false)
 9 FCPATH\index.php(55): CodeIgniter\CodeIgniter->run()
10 SYSTEMPATH\Commands\Server\rewrite.php(43): require_once('FCPATH\\index.php')
CRITICAL - 2022-07-24 15:24:15 --> Undefined variable: products
in APPPATH\Views\Table\product_asset.php on line 31.
 1 APPPATH\Views\Table\product_asset.php(31): CodeIgniter\Debug\Exceptions->errorHandler(8, 'Undefined variable: products', 'APPPATH\\Views\\Table\\product_asset.php', 31, [...])
 2 SYSTEMPATH\View\View.php(213): include('APPPATH\\Views\\Table\\product_asset.php')
 3 SYSTEMPATH\View\View.php(216): CodeIgniter\View\View->CodeIgniter\View\{closure}()
 4 SYSTEMPATH\Common.php(1135): CodeIgniter\View\View->render('Table/product_asset', [], true)
 5 APPPATH\Controllers\Product_Asset.php(21): view('Table/product_asset', [...])
 6 SYSTEMPATH\CodeIgniter.php(896): App\Controllers\Product_Asset->index()
 7 SYSTEMPATH\CodeIgniter.php(466): CodeIgniter\CodeIgniter->runController(Object(App\Controllers\Product_Asset))
 8 SYSTEMPATH\CodeIgniter.php(349): CodeIgniter\CodeIgniter->handleRequest(null, Object(Config\Cache), false)
 9 FCPATH\index.php(55): CodeIgniter\CodeIgniter->run()
10 SYSTEMPATH\Commands\Server\rewrite.php(43): require_once('FCPATH\\index.php')
CRITICAL - 2022-07-24 15:24:39 --> Undefined index: product_id
in APPPATH\Views\Table\product_asset.php on line 34.
 1 APPPATH\Views\Table\product_asset.php(34): CodeIgniter\Debug\Exceptions->errorHandler(8, 'Undefined index: product_id', 'APPPATH\\Views\\Table\\product_asset.php', 34, [...])
 2 SYSTEMPATH\View\View.php(213): include('APPPATH\\Views\\Table\\product_asset.php')
 3 SYSTEMPATH\View\View.php(216): CodeIgniter\View\View->CodeIgniter\View\{closure}()
 4 SYSTEMPATH\Common.php(1135): CodeIgniter\View\View->render('Table/product_asset', [], true)
 5 APPPATH\Controllers\Product_Asset.php(21): view('Table/product_asset', [...])
 6 SYSTEMPATH\CodeIgniter.php(896): App\Controllers\Product_Asset->index()
 7 SYSTEMPATH\CodeIgniter.php(466): CodeIgniter\CodeIgniter->runController(Object(App\Controllers\Product_Asset))
 8 SYSTEMPATH\CodeIgniter.php(349): CodeIgniter\CodeIgniter->handleRequest(null, Object(Config\Cache), false)
 9 FCPATH\index.php(55): CodeIgniter\CodeIgniter->run()
10 SYSTEMPATH\Commands\Server\rewrite.php(43): require_once('FCPATH\\index.php')
CRITICAL - 2022-07-24 15:26:10 --> Undefined index: product_id
in APPPATH\Views\Table\product_asset.php on line 34.
 1 APPPATH\Views\Table\product_asset.php(34): CodeIgniter\Debug\Exceptions->errorHandler(8, 'Undefined index: product_id', 'APPPATH\\Views\\Table\\product_asset.php', 34, [...])
 2 SYSTEMPATH\View\View.php(213): include('APPPATH\\Views\\Table\\product_asset.php')
 3 SYSTEMPATH\View\View.php(216): CodeIgniter\View\View->CodeIgniter\View\{closure}()
 4 SYSTEMPATH\Common.php(1135): CodeIgniter\View\View->render('Table/product_asset', [], true)
 5 APPPATH\Controllers\Product_Asset.php(21): view('Table/product_asset', [...])
 6 SYSTEMPATH\CodeIgniter.php(896): App\Controllers\Product_Asset->index()
 7 SYSTEMPATH\CodeIgniter.php(466): CodeIgniter\CodeIgniter->runController(Object(App\Controllers\Product_Asset))
 8 SYSTEMPATH\CodeIgniter.php(349): CodeIgniter\CodeIgniter->handleRequest(null, Object(Config\Cache), false)
 9 FCPATH\index.php(55): CodeIgniter\CodeIgniter->run()
10 SYSTEMPATH\Commands\Server\rewrite.php(43): require_once('FCPATH\\index.php')
CRITICAL - 2022-07-24 15:26:20 --> Undefined index: product_id
in APPPATH\Views\Table\product_asset.php on line 34.
 1 APPPATH\Views\Table\product_asset.php(34): CodeIgniter\Debug\Exceptions->errorHandler(8, 'Undefined index: product_id', 'APPPATH\\Views\\Table\\product_asset.php', 34, [...])
 2 SYSTEMPATH\View\View.php(213): include('APPPATH\\Views\\Table\\product_asset.php')
 3 SYSTEMPATH\View\View.php(216): CodeIgniter\View\View->CodeIgniter\View\{closure}()
 4 SYSTEMPATH\Common.php(1135): CodeIgniter\View\View->render('Table/product_asset', [], true)
 5 APPPATH\Controllers\Product_Asset.php(21): view('Table/product_asset', [...])
 6 SYSTEMPATH\CodeIgniter.php(896): App\Controllers\Product_Asset->index()
 7 SYSTEMPATH\CodeIgniter.php(466): CodeIgniter\CodeIgniter->runController(Object(App\Controllers\Product_Asset))
 8 SYSTEMPATH\CodeIgniter.php(349): CodeIgniter\CodeIgniter->handleRequest(null, Object(Config\Cache), false)
 9 FCPATH\index.php(55): CodeIgniter\CodeIgniter->run()
10 SYSTEMPATH\Commands\Server\rewrite.php(43): require_once('FCPATH\\index.php')
CRITICAL - 2022-07-24 15:26:33 --> Undefined index: product_i
in APPPATH\Views\Table\product_asset.php on line 34.
 1 APPPATH\Views\Table\product_asset.php(34): CodeIgniter\Debug\Exceptions->errorHandler(8, 'Undefined index: product_i', 'APPPATH\\Views\\Table\\product_asset.php', 34, [...])
 2 SYSTEMPATH\View\View.php(213): include('APPPATH\\Views\\Table\\product_asset.php')
 3 SYSTEMPATH\View\View.php(216): CodeIgniter\View\View->CodeIgniter\View\{closure}()
 4 SYSTEMPATH\Common.php(1135): CodeIgniter\View\View->render('Table/product_asset', [], true)
 5 APPPATH\Controllers\Product_Asset.php(21): view('Table/product_asset', [...])
 6 SYSTEMPATH\CodeIgniter.php(896): App\Controllers\Product_Asset->index()
 7 SYSTEMPATH\CodeIgniter.php(466): CodeIgniter\CodeIgniter->runController(Object(App\Controllers\Product_Asset))
 8 SYSTEMPATH\CodeIgniter.php(349): CodeIgniter\CodeIgniter->handleRequest(null, Object(Config\Cache), false)
 9 FCPATH\index.php(55): CodeIgniter\CodeIgniter->run()
10 SYSTEMPATH\Commands\Server\rewrite.php(43): require_once('FCPATH\\index.php')
CRITICAL - 2022-07-24 15:27:05 --> Undefined index: product_id
in APPPATH\Views\Table\product_asset.php on line 34.
 1 APPPATH\Views\Table\product_asset.php(34): CodeIgniter\Debug\Exceptions->errorHandler(8, 'Undefined index: product_id', 'APPPATH\\Views\\Table\\product_asset.php', 34, [...])
 2 SYSTEMPATH\View\View.php(213): include('APPPATH\\Views\\Table\\product_asset.php')
 3 SYSTEMPATH\View\View.php(216): CodeIgniter\View\View->CodeIgniter\View\{closure}()
 4 SYSTEMPATH\Common.php(1135): CodeIgniter\View\View->render('Table/product_asset', [], true)
 5 APPPATH\Controllers\Product_Asset.php(21): view('Table/product_asset', [...])
 6 SYSTEMPATH\CodeIgniter.php(896): App\Controllers\Product_Asset->index()
 7 SYSTEMPATH\CodeIgniter.php(466): CodeIgniter\CodeIgniter->runController(Object(App\Controllers\Product_Asset))
 8 SYSTEMPATH\CodeIgniter.php(349): CodeIgniter\CodeIgniter->handleRequest(null, Object(Config\Cache), false)
 9 FCPATH\index.php(55): CodeIgniter\CodeIgniter->run()
10 SYSTEMPATH\Commands\Server\rewrite.php(43): require_once('FCPATH\\index.php')
CRITICAL - 2022-07-24 15:27:56 --> Undefined index: product_id
in APPPATH\Views\Table\product_asset.php on line 34.
 1 APPPATH\Views\Table\product_asset.php(34): CodeIgniter\Debug\Exceptions->errorHandler(8, 'Undefined index: product_id', 'APPPATH\\Views\\Table\\product_asset.php', 34, [...])
 2 SYSTEMPATH\View\View.php(213): include('APPPATH\\Views\\Table\\product_asset.php')
 3 SYSTEMPATH\View\View.php(216): CodeIgniter\View\View->CodeIgniter\View\{closure}()
 4 SYSTEMPATH\Common.php(1135): CodeIgniter\View\View->render('Table/product_asset', [], true)
 5 APPPATH\Controllers\Product_Asset.php(21): view('Table/product_asset', [...])
 6 SYSTEMPATH\CodeIgniter.php(896): App\Controllers\Product_Asset->index()
 7 SYSTEMPATH\CodeIgniter.php(466): CodeIgniter\CodeIgniter->runController(Object(App\Controllers\Product_Asset))
 8 SYSTEMPATH\CodeIgniter.php(349): CodeIgniter\CodeIgniter->handleRequest(null, Object(Config\Cache), false)
 9 FCPATH\index.php(55): CodeIgniter\CodeIgniter->run()
10 SYSTEMPATH\Commands\Server\rewrite.php(43): require_once('FCPATH\\index.php')
CRITICAL - 2022-07-24 16:02:36 --> Undefined variable: categoriesporducts
in APPPATH\Views\Table\categories_join_products.php on line 30.
 1 APPPATH\Views\Table\categories_join_products.php(30): CodeIgniter\Debug\Exceptions->errorHandler(8, 'Undefined variable: categoriesporducts', 'APPPATH\\Views\\Table\\categories_join_products.php', 30, [...])
 2 SYSTEMPATH\View\View.php(213): include('APPPATH\\Views\\Table\\categories_join_products.php')
 3 SYSTEMPATH\View\View.php(216): CodeIgniter\View\View->CodeIgniter\View\{closure}()
 4 SYSTEMPATH\Common.php(1135): CodeIgniter\View\View->render('Table/categories_join_products', [], true)
 5 APPPATH\Controllers\Categories.php(30): view('Table/categories_join_products', [...])
 6 SYSTEMPATH\CodeIgniter.php(896): App\Controllers\Categories->categories_products()
 7 SYSTEMPATH\CodeIgniter.php(466): CodeIgniter\CodeIgniter->runController(Object(App\Controllers\Categories))
 8 SYSTEMPATH\CodeIgniter.php(349): CodeIgniter\CodeIgniter->handleRequest(null, Object(Config\Cache), false)
 9 FCPATH\index.php(55): CodeIgniter\CodeIgniter->run()
10 SYSTEMPATH\Commands\Server\rewrite.php(43): require_once('FCPATH\\index.php')
CRITICAL - 2022-07-24 16:03:07 --> Undefined variable: categoriesporducts
in APPPATH\Views\Table\categories_join_products.php on line 30.
 1 APPPATH\Views\Table\categories_join_products.php(30): CodeIgniter\Debug\Exceptions->errorHandler(8, 'Undefined variable: categoriesporducts', 'APPPATH\\Views\\Table\\categories_join_products.php', 30, [...])
 2 SYSTEMPATH\View\View.php(213): include('APPPATH\\Views\\Table\\categories_join_products.php')
 3 SYSTEMPATH\View\View.php(216): CodeIgniter\View\View->CodeIgniter\View\{closure}()
 4 SYSTEMPATH\Common.php(1135): CodeIgniter\View\View->render('Table/categories_join_products', [], true)
 5 APPPATH\Controllers\Categories.php(30): view('Table/categories_join_products', [...])
 6 SYSTEMPATH\CodeIgniter.php(896): App\Controllers\Categories->categories_products()
 7 SYSTEMPATH\CodeIgniter.php(466): CodeIgniter\CodeIgniter->runController(Object(App\Controllers\Categories))
 8 SYSTEMPATH\CodeIgniter.php(349): CodeIgniter\CodeIgniter->handleRequest(null, Object(Config\Cache), false)
 9 FCPATH\index.php(55): CodeIgniter\CodeIgniter->run()
10 SYSTEMPATH\Commands\Server\rewrite.php(43): require_once('FCPATH\\index.php')
CRITICAL - 2022-07-24 16:03:45 --> Undefined index: category_products
in APPPATH\Views\Table\categories_join_products.php on line 34.
 1 APPPATH\Views\Table\categories_join_products.php(34): CodeIgniter\Debug\Exceptions->errorHandler(8, 'Undefined index: category_products', 'APPPATH\\Views\\Table\\categories_join_products.php', 34, [...])
 2 SYSTEMPATH\View\View.php(213): include('APPPATH\\Views\\Table\\categories_join_products.php')
 3 SYSTEMPATH\View\View.php(216): CodeIgniter\View\View->CodeIgniter\View\{closure}()
 4 SYSTEMPATH\Common.php(1135): CodeIgniter\View\View->render('Table/categories_join_products', [], true)
 5 APPPATH\Controllers\Categories.php(30): view('Table/categories_join_products', [...])
 6 SYSTEMPATH\CodeIgniter.php(896): App\Controllers\Categories->categories_products()
 7 SYSTEMPATH\CodeIgniter.php(466): CodeIgniter\CodeIgniter->runController(Object(App\Controllers\Categories))
 8 SYSTEMPATH\CodeIgniter.php(349): CodeIgniter\CodeIgniter->handleRequest(null, Object(Config\Cache), false)
 9 FCPATH\index.php(55): CodeIgniter\CodeIgniter->run()
10 SYSTEMPATH\Commands\Server\rewrite.php(43): require_once('FCPATH\\index.php')
CRITICAL - 2022-07-24 16:12:16 --> Undefined variable: tampildata
in APPPATH\Views\Table\categories_join_products.php on line 31.
 1 APPPATH\Views\Table\categories_join_products.php(31): CodeIgniter\Debug\Exceptions->errorHandler(8, 'Undefined variable: tampildata', 'APPPATH\\Views\\Table\\categories_join_products.php', 31, [...])
 2 SYSTEMPATH\View\View.php(213): include('APPPATH\\Views\\Table\\categories_join_products.php')
 3 SYSTEMPATH\View\View.php(216): CodeIgniter\View\View->CodeIgniter\View\{closure}()
 4 SYSTEMPATH\Common.php(1135): CodeIgniter\View\View->render('Table/categories_join_products', [], true)
 5 APPPATH\Controllers\Categories.php(30): view('Table/categories_join_products', [...])
 6 SYSTEMPATH\CodeIgniter.php(896): App\Controllers\Categories->categories_products()
 7 SYSTEMPATH\CodeIgniter.php(466): CodeIgniter\CodeIgniter->runController(Object(App\Controllers\Categories))
 8 SYSTEMPATH\CodeIgniter.php(349): CodeIgniter\CodeIgniter->handleRequest(null, Object(Config\Cache), false)
 9 FCPATH\index.php(55): CodeIgniter\CodeIgniter->run()
10 SYSTEMPATH\Commands\Server\rewrite.php(43): require_once('FCPATH\\index.php')
CRITICAL - 2022-07-24 16:53:45 --> syntax error, unexpected end of file
in APPPATH\Views\Table\categories_join_products.php on line 49.
 1 SYSTEMPATH\View\View.php(216): CodeIgniter\View\View->CodeIgniter\View\{closure}()
 2 SYSTEMPATH\Common.php(1135): CodeIgniter\View\View->render('Table/categories_join_products', [], true)
 3 APPPATH\Controllers\Categories.php(31): view('Table/categories_join_products', [...])
 4 SYSTEMPATH\CodeIgniter.php(896): App\Controllers\Categories->categories_products()
 5 SYSTEMPATH\CodeIgniter.php(466): CodeIgniter\CodeIgniter->runController(Object(App\Controllers\Categories))
 6 SYSTEMPATH\CodeIgniter.php(349): CodeIgniter\CodeIgniter->handleRequest(null, Object(Config\Cache), false)
 7 FCPATH\index.php(55): CodeIgniter\CodeIgniter->run()
 8 SYSTEMPATH\Commands\Server\rewrite.php(43): require_once('FCPATH\\index.php')
CRITICAL - 2022-07-24 16:56:43 --> Array to string conversion
in APPPATH\Views\Table\categories_join_products.php on line 35.
 1 APPPATH\Views\Table\categories_join_products.php(35): CodeIgniter\Debug\Exceptions->errorHandler(8, 'Array to string conversion', 'APPPATH\\Views\\Table\\categories_join_products.php', 35, [...])
 2 SYSTEMPATH\View\View.php(213): include('APPPATH\\Views\\Table\\categories_join_products.php')
 3 SYSTEMPATH\View\View.php(216): CodeIgniter\View\View->CodeIgniter\View\{closure}()
 4 SYSTEMPATH\Common.php(1135): CodeIgniter\View\View->render('Table/categories_join_products', [], true)
 5 APPPATH\Controllers\Categories.php(31): view('Table/categories_join_products', [...])
 6 SYSTEMPATH\CodeIgniter.php(896): App\Controllers\Categories->categories_products()
 7 SYSTEMPATH\CodeIgniter.php(466): CodeIgniter\CodeIgniter->runController(Object(App\Controllers\Categories))
 8 SYSTEMPATH\CodeIgniter.php(349): CodeIgniter\CodeIgniter->handleRequest(null, Object(Config\Cache), false)
 9 FCPATH\index.php(55): CodeIgniter\CodeIgniter->run()
10 SYSTEMPATH\Commands\Server\rewrite.php(43): require_once('FCPATH\\index.php')
CRITICAL - 2022-07-24 17:03:05 --> Undefined variable: categoriesproductsa
in APPPATH\Views\Table\categories_join_products.php on line 35.
 1 APPPATH\Views\Table\categories_join_products.php(35): CodeIgniter\Debug\Exceptions->errorHandler(8, 'Undefined variable: categoriesproductsa', 'APPPATH\\Views\\Table\\categories_join_products.php', 35, [...])
 2 SYSTEMPATH\View\View.php(213): include('APPPATH\\Views\\Table\\categories_join_products.php')
 3 SYSTEMPATH\View\View.php(216): CodeIgniter\View\View->CodeIgniter\View\{closure}()
 4 SYSTEMPATH\Common.php(1135): CodeIgniter\View\View->render('Table/categories_join_products', [], true)
 5 APPPATH\Controllers\Categories.php(31): view('Table/categories_join_products', [...])
 6 SYSTEMPATH\CodeIgniter.php(896): App\Controllers\Categories->categories_products()
 7 SYSTEMPATH\CodeIgniter.php(466): CodeIgniter\CodeIgniter->runController(Object(App\Controllers\Categories))
 8 SYSTEMPATH\CodeIgniter.php(349): CodeIgniter\CodeIgniter->handleRequest(null, Object(Config\Cache), false)
 9 FCPATH\index.php(55): CodeIgniter\CodeIgniter->run()
10 SYSTEMPATH\Commands\Server\rewrite.php(43): require_once('FCPATH\\index.php')
CRITICAL - 2022-07-24 17:03:38 --> You must set the database table to be used with your query.
in SYSTEMPATH\Database\BaseConnection.php on line 874.
 1 SYSTEMPATH\Model.php(586): CodeIgniter\Database\BaseConnection->table(null)
 2 SYSTEMPATH\Model.php(763): CodeIgniter\Model->builder()
 3 APPPATH\Controllers\Categories.php(29): CodeIgniter\Model->__call('total_product_categories', [])
 4 SYSTEMPATH\CodeIgniter.php(896): App\Controllers\Categories->categories_products()
 5 SYSTEMPATH\CodeIgniter.php(466): CodeIgniter\CodeIgniter->runController(Object(App\Controllers\Categories))
 6 SYSTEMPATH\CodeIgniter.php(349): CodeIgniter\CodeIgniter->handleRequest(null, Object(Config\Cache), false)
 7 FCPATH\index.php(55): CodeIgniter\CodeIgniter->run()
 8 SYSTEMPATH\Commands\Server\rewrite.php(43): require_once('FCPATH\\index.php')
CRITICAL - 2022-07-24 17:04:25 --> Empty statement is given for the field `Select`
in SYSTEMPATH\Database\BaseBuilder.php on line 487.
 1 SYSTEMPATH\Database\BaseBuilder.php(487): CodeIgniter\Database\Exceptions\DataException::forEmptyInputGiven('Select')
 2 SYSTEMPATH\Database\BaseBuilder.php(458): CodeIgniter\Database\BaseBuilder->maxMinAvgSum('ROOTPATH\\public', 'ROOTPATH\\public', 'COUNT')
 3 APPPATH\Models\Model_Data_Categories.php(29): CodeIgniter\Database\BaseBuilder->selectCount()
 4 APPPATH\Controllers\Categories.php(29): App\Models\Model_Data_Categories->total_product_categories()
 5 SYSTEMPATH\CodeIgniter.php(896): App\Controllers\Categories->categories_products()
 6 SYSTEMPATH\CodeIgniter.php(466): CodeIgniter\CodeIgniter->runController(Object(App\Controllers\Categories))
 7 SYSTEMPATH\CodeIgniter.php(349): CodeIgniter\CodeIgniter->handleRequest(null, Object(Config\Cache), false)
 8 FCPATH\index.php(55): CodeIgniter\CodeIgniter->run()
 9 SYSTEMPATH\Commands\Server\rewrite.php(43): require_once('FCPATH\\index.php')
CRITICAL - 2022-07-24 17:06:56 --> Array to string conversion
in APPPATH\Views\Table\categories_join_products.php on line 35.
 1 APPPATH\Views\Table\categories_join_products.php(35): CodeIgniter\Debug\Exceptions->errorHandler(8, 'Array to string conversion', 'APPPATH\\Views\\Table\\categories_join_products.php', 35, [...])
 2 SYSTEMPATH\View\View.php(213): include('APPPATH\\Views\\Table\\categories_join_products.php')
 3 SYSTEMPATH\View\View.php(216): CodeIgniter\View\View->CodeIgniter\View\{closure}()
 4 SYSTEMPATH\Common.php(1135): CodeIgniter\View\View->render('Table/categories_join_products', [], true)
 5 APPPATH\Controllers\Categories.php(31): view('Table/categories_join_products', [...])
 6 SYSTEMPATH\CodeIgniter.php(896): App\Controllers\Categories->categories_products()
 7 SYSTEMPATH\CodeIgniter.php(466): CodeIgniter\CodeIgniter->runController(Object(App\Controllers\Categories))
 8 SYSTEMPATH\CodeIgniter.php(349): CodeIgniter\CodeIgniter->handleRequest(null, Object(Config\Cache), false)
 9 FCPATH\index.php(55): CodeIgniter\CodeIgniter->run()
10 SYSTEMPATH\Commands\Server\rewrite.php(43): require_once('FCPATH\\index.php')
CRITICAL - 2022-07-24 17:10:14 --> Object of class CodeIgniter\Database\MySQLi\Builder could not be converted to string
in APPPATH\Views\Table\categories_join_products.php on line 30.
 1 SYSTEMPATH\View\View.php(213): include()
 2 SYSTEMPATH\View\View.php(216): CodeIgniter\View\View->CodeIgniter\View\{closure}()
 3 SYSTEMPATH\Common.php(1135): CodeIgniter\View\View->render('Table/categories_join_products', [], true)
 4 APPPATH\Controllers\Categories.php(31): view('Table/categories_join_products', [...])
 5 SYSTEMPATH\CodeIgniter.php(896): App\Controllers\Categories->categories_products()
 6 SYSTEMPATH\CodeIgniter.php(466): CodeIgniter\CodeIgniter->runController(Object(App\Controllers\Categories))
 7 SYSTEMPATH\CodeIgniter.php(349): CodeIgniter\CodeIgniter->handleRequest(null, Object(Config\Cache), false)
 8 FCPATH\index.php(55): CodeIgniter\CodeIgniter->run()
 9 SYSTEMPATH\Commands\Server\rewrite.php(43): require_once('FCPATH\\index.php')
CRITICAL - 2022-07-24 17:22:33 --> Argument 1 passed to CodeIgniter\Database\BaseBuilder::get() must be of the type int or null, string given, called in C:\xampp\htdocs\TES MAGANG\app\Models\Model_Data_Categories.php on line 19
in SYSTEMPATH\Database\BaseBuilder.php on line 1577.
 1 APPPATH\Models\Model_Data_Categories.php(19): CodeIgniter\Database\BaseBuilder->get('id')
 2 APPPATH\Controllers\Categories.php(29): App\Models\Model_Data_Categories->tampildata_id()
 3 SYSTEMPATH\CodeIgniter.php(896): App\Controllers\Categories->categories_products()
 4 SYSTEMPATH\CodeIgniter.php(466): CodeIgniter\CodeIgniter->runController(Object(App\Controllers\Categories))
 5 SYSTEMPATH\CodeIgniter.php(349): CodeIgniter\CodeIgniter->handleRequest(null, Object(Config\Cache), false)
 6 FCPATH\index.php(55): CodeIgniter\CodeIgniter->run()
 7 SYSTEMPATH\Commands\Server\rewrite.php(43): require_once('FCPATH\\index.php')
CRITICAL - 2022-07-24 17:23:47 --> Undefined index: id
in APPPATH\Models\Model_Data_Categories.php on line 26.
 1 APPPATH\Models\Model_Data_Categories.php(26): CodeIgniter\Debug\Exceptions->errorHandler(8, 'Undefined index: id', 'APPPATH\\Models\\Model_Data_Categories.php', 26, [...])
 2 APPPATH\Controllers\Categories.php(30): App\Models\Model_Data_Categories->total_product_categories([...])
 3 SYSTEMPATH\CodeIgniter.php(896): App\Controllers\Categories->categories_products()
 4 SYSTEMPATH\CodeIgniter.php(466): CodeIgniter\CodeIgniter->runController(Object(App\Controllers\Categories))
 5 SYSTEMPATH\CodeIgniter.php(349): CodeIgniter\CodeIgniter->handleRequest(null, Object(Config\Cache), false)
 6 FCPATH\index.php(55): CodeIgniter\CodeIgniter->run()
 7 SYSTEMPATH\Commands\Server\rewrite.php(43): require_once('FCPATH\\index.php')
CRITICAL - 2022-07-24 17:24:08 --> Array to string conversion
in SYSTEMPATH\Database\Query.php on line 329.
 1 [internal function]: CodeIgniter\Debug\Exceptions->errorHandler(8, 'Array to string conversion', 'SYSTEMPATH\\Database\\Query.php', 329, [...])
 2 SYSTEMPATH\Database\Query.php(329): implode(',', [...])
 3 SYSTEMPATH\Database\Query.php(310): CodeIgniter\Database\Query->matchNamedBinds('SELECT COUNT(*) AS `numrows`
FROM `products`
WHERE `category_id` = :category_id:', [...])
 4 SYSTEMPATH\Database\Query.php(159): CodeIgniter\Database\Query->compileBinds()
 5 SYSTEMPATH\Database\BaseConnection.php(609): CodeIgniter\Database\Query->getQuery()
 6 SYSTEMPATH\Database\BaseBuilder.php(1669): CodeIgniter\Database\BaseConnection->query('SELECT COUNT(*) AS `numrows`
FROM `products`
WHERE `category_id` = :category_id:', [...], false)
 7 APPPATH\Models\Model_Data_Categories.php(27): CodeIgniter\Database\BaseBuilder->countAllResults()
 8 APPPATH\Controllers\Categories.php(30): App\Models\Model_Data_Categories->total_product_categories([...])
 9 SYSTEMPATH\CodeIgniter.php(896): App\Controllers\Categories->categories_products()
10 SYSTEMPATH\CodeIgniter.php(466): CodeIgniter\CodeIgniter->runController(Object(App\Controllers\Categories))
11 SYSTEMPATH\CodeIgniter.php(349): CodeIgniter\CodeIgniter->handleRequest(null, Object(Config\Cache), false)
12 FCPATH\index.php(55): CodeIgniter\CodeIgniter->run()
13 SYSTEMPATH\Commands\Server\rewrite.php(43): require_once('FCPATH\\index.php')
CRITICAL - 2022-07-24 17:26:03 --> count(): Parameter must be an array or an object that implements Countable
in APPPATH\Views\Table\categories_join_products.php on line 35.
 1 APPPATH\Views\Table\categories_join_products.php(35): CodeIgniter\Debug\Exceptions->errorHandler(2, 'count(): Parameter must be an array or an object that implements Countable', 'APPPATH\\Views\\Table\\categories_join_products.php', 35, [...])
 2 SYSTEMPATH\View\View.php(213): include('APPPATH\\Views\\Table\\categories_join_products.php')
 3 SYSTEMPATH\View\View.php(216): CodeIgniter\View\View->CodeIgniter\View\{closure}()
 4 SYSTEMPATH\Common.php(1135): CodeIgniter\View\View->render('Table/categories_join_products', [], true)
 5 APPPATH\Controllers\Categories.php(31): view('Table/categories_join_products', [...])
 6 SYSTEMPATH\CodeIgniter.php(896): App\Controllers\Categories->categories_products()
 7 SYSTEMPATH\CodeIgniter.php(466): CodeIgniter\CodeIgniter->runController(Object(App\Controllers\Categories))
 8 SYSTEMPATH\CodeIgniter.php(349): CodeIgniter\CodeIgniter->handleRequest(null, Object(Config\Cache), false)
 9 FCPATH\index.php(55): CodeIgniter\CodeIgniter->run()
10 SYSTEMPATH\Commands\Server\rewrite.php(43): require_once('FCPATH\\index.php')
CRITICAL - 2022-07-24 17:29:08 --> count(): Parameter must be an array or an object that implements Countable
in APPPATH\Views\Table\categories_join_products.php on line 35.
 1 APPPATH\Views\Table\categories_join_products.php(35): CodeIgniter\Debug\Exceptions->errorHandler(2, 'count(): Parameter must be an array or an object that implements Countable', 'APPPATH\\Views\\Table\\categories_join_products.php', 35, [...])
 2 SYSTEMPATH\View\View.php(213): include('APPPATH\\Views\\Table\\categories_join_products.php')
 3 SYSTEMPATH\View\View.php(216): CodeIgniter\View\View->CodeIgniter\View\{closure}()
 4 SYSTEMPATH\Common.php(1135): CodeIgniter\View\View->render('Table/categories_join_products', [], true)
 5 APPPATH\Controllers\Categories.php(31): view('Table/categories_join_products', [...])
 6 SYSTEMPATH\CodeIgniter.php(896): App\Controllers\Categories->categories_products()
 7 SYSTEMPATH\CodeIgniter.php(466): CodeIgniter\CodeIgniter->runController(Object(App\Controllers\Categories))
 8 SYSTEMPATH\CodeIgniter.php(349): CodeIgniter\CodeIgniter->handleRequest(null, Object(Config\Cache), false)
 9 FCPATH\index.php(55): CodeIgniter\CodeIgniter->run()
10 SYSTEMPATH\Commands\Server\rewrite.php(43): require_once('FCPATH\\index.php')
CRITICAL - 2022-07-24 17:29:39 --> Undefined index: category_id
in APPPATH\Views\Table\categories_join_products.php on line 35.
 1 APPPATH\Views\Table\categories_join_products.php(35): CodeIgniter\Debug\Exceptions->errorHandler(8, 'Undefined index: category_id', 'APPPATH\\Views\\Table\\categories_join_products.php', 35, [...])
 2 SYSTEMPATH\View\View.php(213): include('APPPATH\\Views\\Table\\categories_join_products.php')
 3 SYSTEMPATH\View\View.php(216): CodeIgniter\View\View->CodeIgniter\View\{closure}()
 4 SYSTEMPATH\Common.php(1135): CodeIgniter\View\View->render('Table/categories_join_products', [], true)
 5 APPPATH\Controllers\Categories.php(31): view('Table/categories_join_products', [...])
 6 SYSTEMPATH\CodeIgniter.php(896): App\Controllers\Categories->categories_products()
 7 SYSTEMPATH\CodeIgniter.php(466): CodeIgniter\CodeIgniter->runController(Object(App\Controllers\Categories))
 8 SYSTEMPATH\CodeIgniter.php(349): CodeIgniter\CodeIgniter->handleRequest(null, Object(Config\Cache), false)
 9 FCPATH\index.php(55): CodeIgniter\CodeIgniter->run()
10 SYSTEMPATH\Commands\Server\rewrite.php(43): require_once('FCPATH\\index.php')
CRITICAL - 2022-07-24 17:32:58 --> Invalid argument supplied for foreach()
in APPPATH\Views\Table\categories_join_products.php on line 36.
 1 APPPATH\Views\Table\categories_join_products.php(36): CodeIgniter\Debug\Exceptions->errorHandler(2, 'Invalid argument supplied for foreach()', 'APPPATH\\Views\\Table\\categories_join_products.php', 36, [...])
 2 SYSTEMPATH\View\View.php(213): include('APPPATH\\Views\\Table\\categories_join_products.php')
 3 SYSTEMPATH\View\View.php(216): CodeIgniter\View\View->CodeIgniter\View\{closure}()
 4 SYSTEMPATH\Common.php(1135): CodeIgniter\View\View->render('Table/categories_join_products', [], true)
 5 APPPATH\Controllers\Categories.php(31): view('Table/categories_join_products', [...])
 6 SYSTEMPATH\CodeIgniter.php(896): App\Controllers\Categories->categories_products()
 7 SYSTEMPATH\CodeIgniter.php(466): CodeIgniter\CodeIgniter->runController(Object(App\Controllers\Categories))
 8 SYSTEMPATH\CodeIgniter.php(349): CodeIgniter\CodeIgniter->handleRequest(null, Object(Config\Cache), false)
 9 FCPATH\index.php(55): CodeIgniter\CodeIgniter->run()
10 SYSTEMPATH\Commands\Server\rewrite.php(43): require_once('FCPATH\\index.php')
CRITICAL - 2022-07-24 17:44:11 --> Undefined variable: datatotal
in APPPATH\Views\Table\categories_join_products.php on line 44.
 1 APPPATH\Views\Table\categories_join_products.php(44): CodeIgniter\Debug\Exceptions->errorHandler(8, 'Undefined variable: datatotal', 'APPPATH\\Views\\Table\\categories_join_products.php', 44, [...])
 2 SYSTEMPATH\View\View.php(213): include('APPPATH\\Views\\Table\\categories_join_products.php')
 3 SYSTEMPATH\View\View.php(216): CodeIgniter\View\View->CodeIgniter\View\{closure}()
 4 SYSTEMPATH\Common.php(1135): CodeIgniter\View\View->render('Table/categories_join_products', [], true)
 5 APPPATH\Controllers\Categories.php(33): view('Table/categories_join_products', [...])
 6 SYSTEMPATH\CodeIgniter.php(896): App\Controllers\Categories->categories_products()
 7 SYSTEMPATH\CodeIgniter.php(466): CodeIgniter\CodeIgniter->runController(Object(App\Controllers\Categories))
 8 SYSTEMPATH\CodeIgniter.php(349): CodeIgniter\CodeIgniter->handleRequest(null, Object(Config\Cache), false)
 9 FCPATH\index.php(55): CodeIgniter\CodeIgniter->run()
10 SYSTEMPATH\Commands\Server\rewrite.php(43): require_once('FCPATH\\index.php')
CRITICAL - 2022-07-24 18:01:23 --> syntax error, unexpected end of file
in APPPATH\Views\Table\categories_join_products.php on line 55.
 1 SYSTEMPATH\View\View.php(216): CodeIgniter\View\View->CodeIgniter\View\{closure}()
 2 SYSTEMPATH\Common.php(1135): CodeIgniter\View\View->render('Table/categories_join_products', [], true)
 3 APPPATH\Controllers\Categories.php(31): view('Table/categories_join_products', [...])
 4 SYSTEMPATH\CodeIgniter.php(896): App\Controllers\Categories->categories_products()
 5 SYSTEMPATH\CodeIgniter.php(466): CodeIgniter\CodeIgniter->runController(Object(App\Controllers\Categories))
 6 SYSTEMPATH\CodeIgniter.php(349): CodeIgniter\CodeIgniter->handleRequest(null, Object(Config\Cache), false)
 7 FCPATH\index.php(55): CodeIgniter\CodeIgniter->run()
 8 SYSTEMPATH\Commands\Server\rewrite.php(43): require_once('FCPATH\\index.php')
CRITICAL - 2022-07-24 18:11:40 --> syntax error, unexpected end of file
in APPPATH\Views\Table\categories_join_products.php on line 55.
 1 SYSTEMPATH\View\View.php(216): CodeIgniter\View\View->CodeIgniter\View\{closure}()
 2 SYSTEMPATH\Common.php(1135): CodeIgniter\View\View->render('Table/categories_join_products', [], true)
 3 APPPATH\Controllers\Categories.php(31): view('Table/categories_join_products', [...])
 4 SYSTEMPATH\CodeIgniter.php(896): App\Controllers\Categories->categories_products()
 5 SYSTEMPATH\CodeIgniter.php(466): CodeIgniter\CodeIgniter->runController(Object(App\Controllers\Categories))
 6 SYSTEMPATH\CodeIgniter.php(349): CodeIgniter\CodeIgniter->handleRequest(null, Object(Config\Cache), false)
 7 FCPATH\index.php(55): CodeIgniter\CodeIgniter->run()
 8 SYSTEMPATH\Commands\Server\rewrite.php(43): require_once('FCPATH\\index.php')
CRITICAL - 2022-07-24 18:18:56 --> Undefined offset: 0
in APPPATH\Views\Table\categories_join_products.php on line 40.
 1 APPPATH\Views\Table\categories_join_products.php(40): CodeIgniter\Debug\Exceptions->errorHandler(8, 'Undefined offset: 0', 'APPPATH\\Views\\Table\\categories_join_products.php', 40, [...])
 2 SYSTEMPATH\View\View.php(213): include('APPPATH\\Views\\Table\\categories_join_products.php')
 3 SYSTEMPATH\View\View.php(216): CodeIgniter\View\View->CodeIgniter\View\{closure}()
 4 SYSTEMPATH\Common.php(1135): CodeIgniter\View\View->render('Table/categories_join_products', [], true)
 5 APPPATH\Controllers\Categories.php(31): view('Table/categories_join_products', [...])
 6 SYSTEMPATH\CodeIgniter.php(896): App\Controllers\Categories->categories_products()
 7 SYSTEMPATH\CodeIgniter.php(466): CodeIgniter\CodeIgniter->runController(Object(App\Controllers\Categories))
 8 SYSTEMPATH\CodeIgniter.php(349): CodeIgniter\CodeIgniter->handleRequest(null, Object(Config\Cache), false)
 9 FCPATH\index.php(55): CodeIgniter\CodeIgniter->run()
10 SYSTEMPATH\Commands\Server\rewrite.php(43): require_once('FCPATH\\index.php')
CRITICAL - 2022-07-24 18:20:16 --> Maximum execution time of 60 seconds exceeded
in APPPATH\Views\Table\categories_join_products.php on line 41.
 1 [internal function]: CodeIgniter\Debug\Exceptions->shutdownHandler()
CRITICAL - 2022-07-24 18:36:30 --> count(): Parameter must be an array or an object that implements Countable
in APPPATH\Views\Table\categories_join_products.php on line 39.
 1 APPPATH\Views\Table\categories_join_products.php(39): CodeIgniter\Debug\Exceptions->errorHandler(2, 'count(): Parameter must be an array or an object that implements Countable', 'APPPATH\\Views\\Table\\categories_join_products.php', 39, [...])
 2 SYSTEMPATH\View\View.php(213): include('APPPATH\\Views\\Table\\categories_join_products.php')
 3 SYSTEMPATH\View\View.php(216): CodeIgniter\View\View->CodeIgniter\View\{closure}()
 4 SYSTEMPATH\Common.php(1135): CodeIgniter\View\View->render('Table/categories_join_products', [], true)
 5 APPPATH\Controllers\Categories.php(31): view('Table/categories_join_products', [...])
 6 SYSTEMPATH\CodeIgniter.php(896): App\Controllers\Categories->categories_products()
 7 SYSTEMPATH\CodeIgniter.php(466): CodeIgniter\CodeIgniter->runController(Object(App\Controllers\Categories))
 8 SYSTEMPATH\CodeIgniter.php(349): CodeIgniter\CodeIgniter->handleRequest(null, Object(Config\Cache), false)
 9 FCPATH\index.php(55): CodeIgniter\CodeIgniter->run()
10 SYSTEMPATH\Commands\Server\rewrite.php(43): require_once('FCPATH\\index.php')
CRITICAL - 2022-07-24 18:39:05 --> Maximum execution time of 60 seconds exceeded
in APPPATH\Views\Table\categories_join_products.php on line 41.
 1 [internal function]: CodeIgniter\Debug\Exceptions->shutdownHandler()
CRITICAL - 2022-07-24 18:50:12 --> count(): Parameter must be an array or an object that implements Countable
in APPPATH\Views\Table\categories_join_products.php on line 40.
 1 APPPATH\Views\Table\categories_join_products.php(40): CodeIgniter\Debug\Exceptions->errorHandler(2, 'count(): Parameter must be an array or an object that implements Countable', 'APPPATH\\Views\\Table\\categories_join_products.php', 40, [...])
 2 SYSTEMPATH\View\View.php(213): include('APPPATH\\Views\\Table\\categories_join_products.php')
 3 SYSTEMPATH\View\View.php(216): CodeIgniter\View\View->CodeIgniter\View\{closure}()
 4 SYSTEMPATH\Common.php(1135): CodeIgniter\View\View->render('Table/categories_join_products', [], true)
 5 APPPATH\Controllers\Categories.php(31): view('Table/categories_join_products', [...])
 6 SYSTEMPATH\CodeIgniter.php(896): App\Controllers\Categories->categories_products()
 7 SYSTEMPATH\CodeIgniter.php(466): CodeIgniter\CodeIgniter->runController(Object(App\Controllers\Categories))
 8 SYSTEMPATH\CodeIgniter.php(349): CodeIgniter\CodeIgniter->handleRequest(null, Object(Config\Cache), false)
 9 FCPATH\index.php(55): CodeIgniter\CodeIgniter->run()
10 SYSTEMPATH\Commands\Server\rewrite.php(43): require_once('FCPATH\\index.php')
CRITICAL - 2022-07-24 18:53:20 --> Maximum execution time of 60 seconds exceeded
in APPPATH\Views\Table\categories_join_products.php on line 39.
 1 [internal function]: CodeIgniter\Debug\Exceptions->shutdownHandler()
CRITICAL - 2022-07-24 18:54:14 --> syntax error, unexpected '}', expecting end of file
in APPPATH\Views\Table\categories_join_products.php on line 36.
 1 SYSTEMPATH\View\View.php(216): CodeIgniter\View\View->CodeIgniter\View\{closure}()
 2 SYSTEMPATH\Common.php(1135): CodeIgniter\View\View->render('Table/categories_join_products', [], true)
 3 APPPATH\Controllers\Categories.php(31): view('Table/categories_join_products', [...])
 4 SYSTEMPATH\CodeIgniter.php(896): App\Controllers\Categories->categories_products()
 5 SYSTEMPATH\CodeIgniter.php(466): CodeIgniter\CodeIgniter->runController(Object(App\Controllers\Categories))
 6 SYSTEMPATH\CodeIgniter.php(349): CodeIgniter\CodeIgniter->handleRequest(null, Object(Config\Cache), false)
 7 FCPATH\index.php(55): CodeIgniter\CodeIgniter->run()
 8 SYSTEMPATH\Commands\Server\rewrite.php(43): require_once('FCPATH\\index.php')
